<?xml version="1.0" encoding="UTF-8" ?>
<testsuite tests="10" failures="0" name="TestMatrix" time="0.003" errors="0" skipped="0">
  <properties>
[...]
</properties>
  <testcase classname="TestMatrix" name="TestMatrix.testAdd" time="0.002"/>
  <testcase classname="TestMatrix" name="TestMatrix.testSubtract" time="0"/>
  <testcase classname="TestMatrix" name="TestMatrix.testMultiplyByScalar" time="0"/>
  <testcase classname="TestMatrix" name="TestMatrix.testMultiplyByMatrix" time="0"/>
  <testcase classname="TestMatrix" name="TestMatrix.testTranspose" time="0"/>
  <testcase classname="TestMatrix" name="TestMatrix.testInverse" time="0.001"/>
  <testcase classname="TestMatrix" name="TestMatrix.testDeterminant" time="0"/>
  <testcase classname="TestMatrix" name="TestMatrix.testRank" time="0"/>
  <testcase classname="TestMatrix" name="TestMatrix.testNegate" time="0"/>
  <testcase classname="TestMatrix" name="TestMatrix.testTriangle" time="0"/>
</testsuite>