<?xml version="1.0" encoding="UTF-8" ?>
<testsuite tests="13" failures="0" name="TestParser" time="0.007" errors="0" skipped="0">
  <properties>
[...]
</properties>
  <testcase classname="TestParser" name="TestParser.testConstExpression" time="0"/>
  <testcase classname="TestParser" name="TestParser.testMatrixAdd" time="0"/>
  <testcase classname="TestParser" name="TestParser.testMatrixSubtract" time="0"/>
  <testcase classname="TestParser" name="TestParser.testMatrixMultiplyByScalar" time="0"/>
  <testcase classname="TestParser" name="TestParser.testMatrixMultiplyByMatrix" time="0.001"/>
  <testcase classname="TestParser" name="TestParser.testTranspose" time="0.001"/>
  <testcase classname="TestParser" name="TestParser.testInverse" time="0.001"/>
  <testcase classname="TestParser" name="TestParser.testDeterminant" time="0.001"/>
  <testcase classname="TestParser" name="TestParser.testRank" time="0.001"/>
  <testcase classname="TestParser" name="TestParser.testNegate" time="0"/>
  <testcase classname="TestParser" name="TestParser.testTriangle" time="0.001"/>
  <testcase classname="TestParser" name="TestParser.testPowerConst" time="0"/>
  <testcase classname="TestParser" name="TestParser.testPowerMatrix" time="0.001"/>
</testsuite>